[2026-05-11 13:10:17] Wrote remote.log
[2026-05-11 13:10:48] Read command: goto (id: 1778504955901-e0965rpv)
[2026-05-11 13:10:48] 📩 Executing: goto (id: 1778504955901-e0965rpv)
[2026-05-11 13:10:48] Navigating to https://www.youtube.com/
[2026-05-11 13:10:50] Capturing post‑command state...
[2026-05-11 13:10:50] Wrote page.html
[2026-05-11 13:10:50] Wrote current_url.txt
[2026-05-11 13:10:50] Wrote session.json
[2026-05-11 13:10:50] Wrote command.json
[2026-05-11 13:11:46] Read command: goto (id: 1778505013621-esrz3y79)
[2026-05-11 13:11:46] 📩 Executing: goto (id: 1778505013621-esrz3y79)
[2026-05-11 13:11:46] Navigating to https://www.youtube.com/
[2026-05-11 13:11:47] Capturing post‑command state...
[2026-05-11 13:11:47] Wrote page.html
[2026-05-11 13:11:47] Wrote current_url.txt
[2026-05-11 13:11:47] Wrote session.json
[2026-05-11 13:11:47] Wrote command.json
[2026-05-11 13:28:50] Read command: click-coordinates (id: 1778506036174-rd3wnwm7)
[2026-05-11 13:28:50] 📩 Executing: click-coordinates (id: 1778506036174-rd3wnwm7)
[2026-05-11 13:28:50] Click at (487,28)
[2026-05-11 13:28:50] Capturing post‑command state...
[2026-05-11 13:28:50] Wrote page.html
[2026-05-11 13:28:50] Wrote current_url.txt
[2026-05-11 13:28:50] Wrote session.json
[2026-05-11 13:28:50] Wrote command.json
